--- Copying files at Fri Sep 18 21:03:36 UTC 2020
INSTALLED plugins/jira.jpi : 2.5
INSTALLED plugins/built-on-column.jpi : 1.1
INSTALLED plugins/credentials.jpi : 2.1.16
INSTALLED plugins/github-api.jpi : 1.90
INSTALLED plugins/docker-workflow.jpi : 1.15.1
INSTALLED plugins/embeddable-build-status.jpi : 1.9
INSTALLED plugins/build-name-setter.jpi : 1.6.9
INSTALLED plugins/docker-commons.jpi : 1.11
INSTALLED plugins/workflow-durable-task-step.jpi : 2.19
INSTALLED plugins/analysis-core.jpi : 1.95
INSTALLED plugins/gitlab-plugin.jpi : 1.5.4
INSTALLED plugins/webhook-step.jpi : 1.3
INSTALLED plugins/ruby-runtime.jpi : 0.12
INSTALLED plugins/pipeline-model-definition.jpi : 1.2.7
INSTALLED plugins/command-launcher.jpi : 1.2
INSTALLED plugins/publish-over.jpi : 0.21
INSTALLED plugins/ldap.jpi : 1.20
INSTALLED plugins/ansible.jpi : 0.8
INSTALLED plugins/workflow-api.jpi : 2.26
INSTALLED plugins/blueocean-config.jpi : 1.4.2
INSTALLED plugins/artifactdeployer.jpi : 1.2
INSTALLED plugins/resource-disposer.jpi : 0.8
INSTALLED plugins/saferestart.jpi : 0.3
INSTALLED plugins/blueocean-pipeline-api-impl.jpi : 1.4.2
INSTALLED plugins/bouncycastle-api.jpi : 2.16.2
INSTALLED plugins/blueocean-events.jpi : 1.4.2
INSTALLED plugins/pipeline-build-step.jpi : 2.7
INSTALLED plugins/display-url-api.jpi : 2.2.0
INSTALLED plugins/junit.jpi : 1.24
INSTALLED plugins/blueocean-git-pipeline.jpi : 1.4.2
INSTALLED plugins/blueocean-commons.jpi : 1.4.2
INSTALLED plugins/sonar-quality-gates.jpi : 1.3.0
INSTALLED plugins/rebuild.jpi : 1.27
INSTALLED plugins/pipeline-model-declarative-agent.jpi : 1.1.1
INSTALLED plugins/script-security.jpi : 1.42
INSTALLED plugins/javadoc.jpi : 1.4
INSTALLED plugins/publish-over-ssh.jpi : 1.19.1
INSTALLED plugins/build-timeout.jpi : 1.19
INSTALLED plugins/pipeline-stage-view.jpi : 2.9
INSTALLED plugins/pubsub-light.jpi : 1.12
INSTALLED plugins/ssh-slaves.jpi : 1.26
INSTALLED plugins/apache-httpcomponents-client-4-api.jpi : 4.5.3-2.1
INSTALLED plugins/pipeline-model-extensions.jpi : 1.2.7
INSTALLED plugins/pipeline-input-step.jpi : 2.8
INSTALLED plugins/ws-cleanup.jpi : 0.34
INSTALLED plugins/blueocean-jwt.jpi : 1.4.2
INSTALLED plugins/authentication-tokens.jpi : 1.3
INSTALLED plugins/workflow-aggregator.jpi : 2.5
INSTALLED plugins/blueocean-pipeline-scm-api.jpi : 1.4.2
INSTALLED plugins/workflow-step-api.jpi : 2.14
INSTALLED plugins/build-pipeline-plugin.jpi : 1.5.8
INSTALLED plugins/run-condition.jpi : 1.0
INSTALLED plugins/workflow-cps.jpi : 2.45
INSTALLED plugins/blueocean-rest-impl.jpi : 1.4.2
INSTALLED plugins/parameterized-trigger.jpi : 2.35.2
INSTALLED plugins/mailer.jpi : 1.20
INSTALLED plugins/pam-auth.jpi : 1.3
INSTALLED plugins/pipeline-utility-steps.jpi : 2.0.1
INSTALLED plugins/pipeline-milestone-step.jpi : 1.3.1
INSTALLED plugins/blueocean-display-url.jpi : 2.2.0
INSTALLED plugins/toolenv.jpi : 1.1
INSTALLED plugins/kubernetes.jpi : 1.4
INSTALLED plugins/favorite.jpi : 2.3.1
INSTALLED plugins/thinBackup.jpi : 1.9
INSTALLED plugins/blueocean-bitbucket-pipeline.jpi : 1.4.2
INSTALLED plugins/workflow-basic-steps.jpi : 2.6
INSTALLED plugins/role-strategy.jpi : 2.7.0
INSTALLED plugins/blueocean-jira.jpi : 1.4.2
INSTALLED plugins/active-directory.jpi : 2.6
INSTALLED plugins/pipeline-graph-analysis.jpi : 1.6
INSTALLED plugins/matrix-auth.jpi : 2.2
INSTALLED plugins/maven-plugin.jpi : 3.1
INSTALLED plugins/jquery-detached.jpi : 1.2.1
INSTALLED plugins/blueocean-rest.jpi : 1.4.2
INSTALLED plugins/token-macro.jpi : 2.3
INSTALLED plugins/windows-slaves.jpi : 1.3.1
INSTALLED plugins/htmlpublisher.jpi : 1.14
INSTALLED plugins/ssh.jpi : 2.5
INSTALLED plugins/matrix-project.jpi : 1.12
INSTALLED plugins/handy-uri-templates-2-api.jpi : 2.1.6-1.0
INSTALLED plugins/copyartifact.jpi : 1.39
INSTALLED plugins/email-ext.jpi : 2.62
INSTALLED plugins/jenkins-design-language.jpi : 1.4.2
INSTALLED plugins/nodejs.jpi : 1.2.5
INSTALLED plugins/scm-api.jpi : 2.2.6
INSTALLED plugins/jdk-tool.jpi : 1.1
INSTALLED plugins/cloudbees-folder.jpi : 6.4
INSTALLED plugins/plain-credentials.jpi : 1.4
INSTALLED plugins/blueocean.jpi : 1.4.2
INSTALLED plugins/icon-shim.jpi : 2.0.3
INSTALLED plugins/antisamy-markup-formatter.jpi : 1.5
INSTALLED plugins/gitlab-hook.jpi : 1.4.2
INSTALLED plugins/config-file-provider.jpi : 2.18
INSTALLED plugins/pipeline-model-api.jpi : 1.2.7
INSTALLED plugins/variant.jpi : 1.1
INSTALLED plugins/checkstyle.jpi : 3.50
INSTALLED plugins/github-pullrequest.jpi : 0.2.8
INSTALLED plugins/mapdb-api.jpi : 1.0.9.0
INSTALLED plugins/mercurial.jpi : 2.3
INSTALLED plugins/structs.jpi : 1.14
INSTALLED plugins/subversion.jpi : 2.10.4
INSTALLED plugins/blueocean-personalization.jpi : 1.4.2
INSTALLED plugins/workflow-multibranch.jpi : 2.17
INSTALLED plugins/gradle.jpi : 1.28
INSTALLED plugins/workflow-support.jpi : 2.18
INSTALLED plugins/jsch.jpi : 0.1.54.2
INSTALLED plugins/blueocean-pipeline-editor.jpi : 1.4.2
INSTALLED plugins/blueocean-autofavorite.jpi : 1.2.2
INSTALLED plugins/envinject-api.jpi : 1.5
INSTALLED plugins/ssh-agent.jpi : 1.15
INSTALLED plugins/kubernetes-client-api.jpi : 4.11.1
INSTALLED plugins/pipeline-github-lib.jpi : 1.0
INSTALLED plugins/cobertura.jpi : 1.12
INSTALLED plugins/conditional-buildstep.jpi : 1.3.6
INSTALLED plugins/momentjs.jpi : 1.1.1
INSTALLED plugins/workflow-cps-global-lib.jpi : 2.9
INSTALLED plugins/git-client.jpi : 2.7.1
INSTALLED plugins/branch-api.jpi : 2.0.18
INSTALLED plugins/pipeline-rest-api.jpi : 2.9
INSTALLED plugins/workflow-scm-step.jpi : 2.6
INSTALLED plugins/snakeyaml-api.jpi : 1.27.0
INSTALLED plugins/blueocean-github-pipeline.jpi : 1.4.2
INSTALLED plugins/blueocean-core-js.jpi : 1.4.2
INSTALLED plugins/envinject.jpi : 2.1.5
INSTALLED plugins/gitlab-merge-request-jenkins.jpi : 2.0.0
INSTALLED plugins/durable-task.jpi : 1.22
INSTALLED plugins/external-monitor-job.jpi : 1.7
INSTALLED plugins/kubernetes-credentials.jpi : 0.7.0
INSTALLED plugins/credentials-binding.jpi : 1.16
INSTALLED plugins/ace-editor.jpi : 1.1
INSTALLED plugins/jenkins-multijob-plugin.jpi : 1.29
INSTALLED plugins/blueocean-dashboard.jpi : 1.4.2
INSTALLED plugins/pipeline-stage-tags-metadata.jpi : 1.2.7
INSTALLED plugins/github.jpi : 1.29.0
INSTALLED plugins/jquery.jpi : 1.12.4-0
INSTALLED plugins/blueocean-web.jpi : 1.4.2
INSTALLED plugins/ant.jpi : 1.8
INSTALLED plugins/timestamper.jpi : 1.8.9
INSTALLED plugins/git.jpi : 3.8.0
INSTALLED plugins/cloudbees-bitbucket-branch-source.jpi : 2.2.10
INSTALLED plugins/sse-gateway.jpi : 1.15
INSTALLED plugins/github-branch-source.jpi : 2.3.3
INSTALLED plugins/blueocean-i18n.jpi : 1.4.2
INSTALLED plugins/pipeline-stage-step.jpi : 2.3
INSTALLED plugins/git-server.jpi : 1.7
INSTALLED plugins/dashboard-view.jpi : 2.9.11
INSTALLED plugins/handlebars.jpi : 1.1.1
INSTALLED plugins/ssh-credentials.jpi : 1.13
INSTALLED plugins/workflow-job.jpi : 2.17
INSTALLED plugins/jackson2-api.jpi : 2.8.11.1
INSTALLED plugins.txt
